<?xml version="1.0" encoding="UTF-8"?>
<!-- Generated by org.testng.reporters.JUnitXMLReporter -->
<testsuite hostname="C02ZJ3TXLVCF" ignored="0" name="Restfulbooker" tests="4" failures="0" timestamp="28 Apr 2020 13:55:15 GMT" time="6.856" errors="0">
  <testcase name="createBooking" time="1.217" classname="com.herokuapp.restful.booker.here.testScripts.BookingTestScripts"/>
  <testcase name="assertBookingUsingBookingId" time="1.551" classname="com.herokuapp.restful.booker.here.testScripts.BookingTestScripts"/>
  <testcase name="updateCompleteBooking" time="1.496" classname="com.herokuapp.restful.booker.here.testScripts.BookingTestScripts"/>
  <testcase name="partialUpdatebooking" time="2.568" classname="com.herokuapp.restful.booker.here.testScripts.BookingTestScripts"/>
</testsuite> <!-- Restfulbooker -->
